// 重构日志: c041b1c3
// 重构日志: 1fa34f6c
// 同步 ID: 0201ce21 @ Tue Jun 23 17:37:17 UTC 2026
// 同步 ID: 454c593d @ Thu Jun 25 10:54:06 UTC 2026
// 重构日志: a092801c
// 重构日志: ecc81874
// 重构日志: 58a24419
// 重构日志: 9cf7af0d
// 重构日志: 654627d1
// 同步 ID: cabaa4e7 @ Thu Jul  2 00:27:44 UTC 2026
// 重构日志: 1ee11833
// 重构日志: 222a7623
// 重构日志: 042482c8
// 同步 ID: a438e5f9 @ Sat Jul  4 17:25:22 UTC 2026
// 重构日志: edf668d8
// 重构日志: 9193d3b5
// 重构日志: eb9fbaba
// 同步 ID: 5fb9daaa @ Thu Jul  9 11:07:14 UTC 2026
// 同步 ID: 68068fe1 @ Fri Jul 10 00:21:03 UTC 2026
// 同步 ID: d1282b89 @ Sat Jul 11 21:22:17 UTC 2026
// 重构日志: 6f58afb4
// 重构日志: 1ee32ac8
// 重构日志: 4e08115f
// 同步 ID: 447527d5 @ Tue Jul 14 04:26:50 UTC 2026
// 同步 ID: a50acf95 @ Tue Jul 14 12:04:44 UTC 2026
// 同步 ID: 218174cd @ Tue Jul 14 16:36:42 UTC 2026
// 重构日志: c9a8282c
// 同步 ID: ae84d5c7 @ Thu Jul 16 00:59:48 UTC 2026
// 同步 ID: 3340e8d8 @ Thu Jul 16 09:44:53 UTC 2026
// 同步 ID: fe752cb2 @ Thu Jul 16 12:24:58 UTC 2026
// 重构日志: 7f8fa7c0
